<?xml version="1.0" encoding="UTF-8"?>
<!-- Generated by org.testng.reporters.JUnitReportReporter -->
<testsuite hostname="MC-PC" name="com.moji.miweather.mc.LivePage" tests="1" failures="0" timestamp="13 Nov 2016 06:28:21 GMT" time="19.288" errors="0">
  <testcase name="livePicture" time="19.288" classname="com.moji.miweather.mc.LivePage"/>
</testsuite> <!-- com.moji.miweather.mc.LivePage -->
