<?xml version="1.0" encoding="UTF-8"?>
<!-- Generated by org.testng.reporters.JUnitReportReporter -->
<testsuite hostname="MC-PC" name="com.moji.miweather.mc.MainPage" tests="1" failures="0" timestamp="13 Nov 2016 03:57:48 GMT" time="97.134" errors="0">
  <testcase name="test" time="97.134" classname="com.moji.miweather.mc.MainPage"/>
</testsuite> <!-- com.moji.miweather.mc.MainPage -->
